<?xml version="1.0" encoding="UTF-8"?>
<!-- Generated by org.testng.reporters.JUnitXMLReporter -->
<testsuite hostname="UK-B0H0HM2" name="PostCodesValidation" tests="5" failures="0" timestamp="20 Dec 2019 12:20:24 GMT" time="1.129" errors="0">
  <testcase name="test_PostCodes" time="0.596" classname="com.mimecast.qa.api.PostCodesTest"/>
  <testcase name="test_PostCodes" time="0.075" classname="com.mimecast.qa.api.PostCodesTest"/>
  <testcase name="test_PostCodes" time="0.04" classname="com.mimecast.qa.api.PostCodesTest"/>
  <testcase name="test_PostCodes" time="0.027" classname="com.mimecast.qa.api.PostCodesTest"/>
  <testcase name="test_PostAPI" time="0.208" classname="com.mimecast.qa.api.PostCodesTest"/>
</testsuite> <!-- PostCodesValidation -->
